<?xml version="1.0" encoding="UTF-8"?>
<!-- Generated by org.testng.reporters.JUnitReportReporter -->
<testsuite hostname="LAPTOP-N3B9BISG" failures="0" tests="27" name="testCases.TC003_LoginDDT" time="277.508" errors="0" timestamp="2025-07-28T16:48:30 IST" skipped="0">
  <testcase classname="testCases.TC003_LoginDDT" name="verify_login" time="10.609"/>
  <testcase classname="testCases.TC003_LoginDDT" name="verify_login" time="10.630"/>
  <testcase classname="testCases.TC003_LoginDDT" name="verify_login" time="2.085"/>
  <testcase classname="testCases.TC003_LoginDDT" name="verify_login" time="11.344"/>
  <testcase classname="testCases.TC003_LoginDDT" name="verify_login" time="11.184"/>
  <testcase classname="testCases.TC003_LoginDDT" name="verify_login" time="11.233"/>
  <testcase classname="testCases.TC003_LoginDDT" name="verify_login" time="11.064"/>
  <testcase classname="testCases.TC003_LoginDDT" name="verify_login" time="10.635"/>
  <testcase classname="testCases.TC003_LoginDDT" name="verify_login" time="10.638"/>
  <testcase classname="testCases.TC003_LoginDDT" name="verify_login" time="10.651"/>
  <testcase classname="testCases.TC003_LoginDDT" name="verify_login" time="10.825"/>
  <testcase classname="testCases.TC003_LoginDDT" name="verify_login" time="11.157"/>
  <testcase classname="testCases.TC003_LoginDDT" name="verify_login" time="11.139"/>
  <testcase classname="testCases.TC003_LoginDDT" name="verify_login" time="11.877"/>
  <testcase classname="testCases.TC003_LoginDDT" name="verify_login" time="10.638"/>
  <testcase classname="testCases.TC003_LoginDDT" name="verify_login" time="10.554"/>
  <testcase classname="testCases.TC003_LoginDDT" name="verify_login" time="2.589"/>
  <testcase classname="testCases.TC003_LoginDDT" name="verify_login" time="11.157"/>
  <testcase classname="testCases.TC003_LoginDDT" name="verify_login" time="10.644"/>
  <testcase classname="testCases.TC003_LoginDDT" name="verify_login" time="11.079"/>
  <testcase classname="testCases.TC003_LoginDDT" name="verify_login" time="10.950"/>
  <testcase classname="testCases.TC003_LoginDDT" name="verify_login" time="10.577"/>
  <testcase classname="testCases.TC003_LoginDDT" name="verify_login" time="11.310"/>
  <testcase classname="testCases.TC003_LoginDDT" name="verify_login" time="10.670"/>
  <testcase classname="testCases.TC003_LoginDDT" name="verify_login" time="10.601"/>
  <testcase classname="testCases.TC003_LoginDDT" name="verify_login" time="10.555"/>
  <testcase classname="testCases.TC003_LoginDDT" name="verify_login" time="11.113"/>
</testsuite> <!-- testCases.TC003_LoginDDT -->
