<?xml version="1.0" encoding="UTF-8"?>
<!-- Generated by org.testng.reporters.JUnitReportReporter -->
<testsuite hostname="LAPTOP-N3B9BISG" failures="0" tests="3" name="testCases.TC_001AccountRegistration" time="13.708" errors="0" timestamp="2025-08-04T23:06:52 IST" skipped="0">
  <testcase classname="testCases.TC_001AccountRegistration" name="accountReg" time="4.655"/>
  <testcase classname="testCases.TC_001AccountRegistration" name="accountReg" time="4.637"/>
  <testcase classname="testCases.TC_001AccountRegistration" name="accountReg" time="4.416"/>
</testsuite> <!-- testCases.TC_001AccountRegistration -->
